<?xml version="1.0" encoding="UTF-8"?>
<!-- Generated by org.testng.reporters.JUnitReportReporter -->
<testsuite hostname="LAPTOP-1OR5D2CT" name="grid.Leaftaps" tests="1" failures="0" timestamp="20 Jan 2018 11:17:13 GMT" time="4.706" errors="1">
  <testcase name="login" time="4.706" classname="grid.Leaftaps">
    <error type="org.openqa.selenium.SessionNotCreatedException" message="Expected browser binary location, but unable to find binary in default location, no &#039;moz:firefoxOptions.binary&#039; capability provided, and no binary flag set on the command line
Build info: version: &#039;3.6.0&#039;, revision: &#039;6fbf3ec767&#039;, time: &#039;2017-09-27T16:15:40.131Z&#039;
System info: host: &#039;LAPTOP-1OR5D2CT&#039;, ip: &#039;192.168.1.177&#039;, os.name: &#039;Windows 8.1&#039;, os.arch: &#039;x86&#039;, os.version: &#039;6.3&#039;, java.version: &#039;1.8.0&#039;
Driver info: driver.version: unknown
remote stacktrace: stack backtrace:
   0:   0x47d2a4 - &lt;no info&gt;
   1:   0x45d174 - &lt;no info&gt;
   2:   0x427e5c - &lt;no info&gt;
   3:   0x42ac5a - &lt;no info&gt;
   4:   0x45ff5e - &lt;no info&gt;
   5:   0x45581f - &lt;no info&gt;
   6:   0x4437a6 - &lt;no info&gt;
   7:   0x443aa6 - &lt;no info&gt;
   8:   0x6de879 - &lt;no info&gt;
   9:   0x4439e9 - &lt;no info&gt;
  10:   0x44385b - &lt;no info&gt;
  11:   0x4575c8 - &lt;no info&gt;
  12:   0x6da071 - &lt;no info&gt;
  13: 0x75c88654 - BaseThreadInitThunk
  14: 0x77594a47 - RtlGetAppContainerNamedObjectPath
Command duration or timeout: 1.67 seconds">
      <![CDATA[org.openqa.selenium.SessionNotCreatedException: Expected browser binary location, but unable to find binary in default location, no 'moz:firefoxOptions.binary' capability provided, and no binary flag set on the command line
Build info: version: '3.6.0', revision: '6fbf3ec767', time: '2017-09-27T16:15:40.131Z'
System info: host: 'LAPTOP-1OR5D2CT', ip: '192.168.1.177', os.name: 'Windows 8.1', os.arch: 'x86', os.version: '6.3', java.version: '1.8.0'
Driver info: driver.version: unknown
remote stacktrace: stack backtrace:
   0:   0x47d2a4 - <no info>
   1:   0x45d174 - <no info>
   2:   0x427e5c - <no info>
   3:   0x42ac5a - <no info>
   4:   0x45ff5e - <no info>
   5:   0x45581f - <no info>
   6:   0x4437a6 - <no info>
   7:   0x443aa6 - <no info>
   8:   0x6de879 - <no info>
   9:   0x4439e9 - <no info>
  10:   0x44385b - <no info>
  11:   0x4575c8 - <no info>
  12:   0x6da071 - <no info>
  13: 0x75c88654 - BaseThreadInitThunk
  14: 0x77594a47 - RtlGetAppContainerNamedObjectPath
Command duration or timeout: 1.67 seconds
	at sun.reflect.NativeConstructorAccessorImpl.newInstance0(Native Method)
	at sun.reflect.NativeConstructorAccessorImpl.newInstance(Unknown Source)
	at sun.reflect.DelegatingConstructorAccessorImpl.newInstance(Unknown Source)
	at java.lang.reflect.Constructor.newInstance(Unknown Source)
	at org.openqa.selenium.remote.ErrorHandler.createThrowable(ErrorHandler.java:214)
	at org.openqa.selenium.remote.ErrorHandler.throwIfResponseFailed(ErrorHandler.java:166)
	at org.openqa.selenium.remote.JsonWireProtocolResponse.lambda$new$0(JsonWireProtocolResponse.java:53)
	at org.openqa.selenium.remote.JsonWireProtocolResponse$$Lambda$104/12290035.apply(Unknown Source)
	at org.openqa.selenium.remote.JsonWireProtocolResponse.lambda$getResponseFunction$2(JsonWireProtocolResponse.java:91)
	at org.openqa.selenium.remote.JsonWireProtocolResponse$$Lambda$106/23994111.apply(Unknown Source)
	at org.openqa.selenium.remote.ProtocolHandshake.lambda$createSession$0(ProtocolHandshake.java:123)
	at org.openqa.selenium.remote.ProtocolHandshake$$Lambda$113/11353025.apply(Unknown Source)
	at java.util.stream.ReferencePipeline$3$1.accept(Unknown Source)
	at java.util.Spliterators$ArraySpliterator.tryAdvance(Unknown Source)
	at java.util.stream.ReferencePipeline.forEachWithCancel(Unknown Source)
	at java.util.stream.AbstractPipeline.copyIntoWithCancel(Unknown Source)
	at java.util.stream.AbstractPipeline.copyInto(Unknown Source)
	at java.util.stream.AbstractPipeline.wrapAndCopyInto(Unknown Source)
	at java.util.stream.FindOps$FindOp.evaluateSequential(Unknown Source)
	at java.util.stream.AbstractPipeline.evaluate(Unknown Source)
	at java.util.stream.ReferencePipeline.findFirst(Unknown Source)
	at org.openqa.selenium.remote.ProtocolHandshake.createSession(ProtocolHandshake.java:126)
	at org.openqa.selenium.remote.ProtocolHandshake.createSession(ProtocolHandshake.java:73)
	at org.openqa.selenium.remote.HttpCommandExecutor.execute(HttpCommandExecutor.java:142)
	at org.openqa.selenium.remote.RemoteWebDriver.execute(RemoteWebDriver.java:600)
	at org.openqa.selenium.remote.RemoteWebDriver.startSession(RemoteWebDriver.java:219)
	at org.openqa.selenium.remote.RemoteWebDriver.<init>(RemoteWebDriver.java:142)
	at org.openqa.selenium.remote.RemoteWebDriver.<init>(RemoteWebDriver.java:155)
	at grid.Leaftaps.login(Leaftaps.java:23)
	at sun.reflect.NativeMethodAccessorImpl.invoke0(Native Method)
	at sun.reflect.NativeMethodAccessorImpl.invoke(Unknown Source)
	at sun.reflect.DelegatingMethodAccessorImpl.invoke(Unknown Source)
	at java.lang.reflect.Method.invoke(Unknown Source)
	at org.testng.internal.MethodInvocationHelper.invokeMethod(MethodInvocationHelper.java:85)
	at org.testng.internal.Invoker.invokeMethod(Invoker.java:639)
	at org.testng.internal.Invoker.invokeTestMethod(Invoker.java:816)
	at org.testng.internal.Invoker.invokeTestMethods(Invoker.java:1124)
	at org.testng.internal.TestMethodWorker.invokeTestMethods(TestMethodWorker.java:124)
	at org.testng.internal.TestMethodWorker.run(TestMethodWorker.java:108)
	at org.testng.TestRunner.privateRun(TestRunner.java:773)
	at org.testng.TestRunner.run(TestRunner.java:623)
	at org.testng.SuiteRunner.runTest(SuiteRunner.java:359)
	at org.testng.SuiteRunner.runSequentially(SuiteRunner.java:354)
	at org.testng.SuiteRunner.privateRun(SuiteRunner.java:312)
	at org.testng.SuiteRunner.run(SuiteRunner.java:261)
	at org.testng.SuiteRunnerWorker.runSuite(SuiteRunnerWorker.java:52)
	at org.testng.SuiteRunnerWorker.run(SuiteRunnerWorker.java:86)
	at org.testng.TestNG.runSuitesSequentially(TestNG.java:1185)
	at org.testng.TestNG.runSuitesLocally(TestNG.java:1110)
	at org.testng.TestNG.run(TestNG.java:1018)
	at org.testng.remote.RemoteTestNG.run(RemoteTestNG.java:112)
	at org.testng.remote.RemoteTestNG.initAndRun(RemoteTestNG.java:205)
	at org.testng.remote.RemoteTestNG.main(RemoteTestNG.java:176)
Caused by: org.openqa.selenium.SessionNotCreatedException: Expected browser binary location, but unable to find binary in default location, no 'moz:firefoxOptions.binary' capability provided, and no binary flag set on the command line
Build info: version: '3.6.0', revision: '6fbf3ec767', time: '2017-09-27T16:15:40.131Z'
System info: host: 'LAPTOP-1OR5D2CT', ip: '192.168.1.177', os.name: 'Windows 8.1', os.arch: 'x86', os.version: '6.3', java.version: '1.8.0'
Driver info: driver.version: unknown
remote stacktrace: stack backtrace:
   0:   0x47d2a4 - <no info>
   1:   0x45d174 - <no info>
   2:   0x427e5c - <no info>
   3:   0x42ac5a - <no info>
   4:   0x45ff5e - <no info>
   5:   0x45581f - <no info>
   6:   0x4437a6 - <no info>
   7:   0x443aa6 - <no info>
   8:   0x6de879 - <no info>
   9:   0x4439e9 - <no info>
  10:   0x44385b - <no info>
  11:   0x4575c8 - <no info>
  12:   0x6da071 - <no info>
  13: 0x75c88654 - BaseThreadInitThunk
  14: 0x77594a47 - RtlGetAppContainerNamedObjectPath
Build info: version: '3.7.1', revision: '8a0099a', time: '2017-11-06T21:01:39.354Z'
System info: host: 'LAPTOP-1OR5D2CT', ip: '192.168.1.177', os.name: 'Windows 8.1', os.arch: 'x86', os.version: '6.3', java.version: '1.8.0'
Driver info: driver.version: unknown
	at sun.reflect.NativeConstructorAccessorImpl.newInstance0(Native Method)
	at sun.reflect.NativeConstructorAccessorImpl.newInstance(NativeConstructorAccessorImpl.java:62)
	at sun.reflect.DelegatingConstructorAccessorImpl.newInstance(DelegatingConstructorAccessorImpl.java:45)
	at java.lang.reflect.Constructor.newInstance(Constructor.java:408)
	at org.openqa.selenium.remote.W3CHandshakeResponse.lambda$new$0(W3CHandshakeResponse.java:57)
	at org.openqa.selenium.remote.W3CHandshakeResponse$$Lambda$131/23599652.apply(Unknown Source)
	at org.openqa.selenium.remote.W3CHandshakeResponse.lambda$getResponseFunction$2(W3CHandshakeResponse.java:104)
	at org.openqa.selenium.remote.W3CHandshakeResponse$$Lambda$133/19295267.apply(Unknown Source)
	at org.openqa.selenium.remote.ProtocolHandshake.lambda$createSession$24(ProtocolHandshake.java:359)
	at org.openqa.selenium.remote.ProtocolHandshake$$Lambda$134/28994988.apply(Unknown Source)
	at java.util.stream.ReferencePipeline$3$1.accept(ReferencePipeline.java:193)
	at java.util.Spliterators$ArraySpliterator.tryAdvance(Spliterators.java:958)
	at java.util.stream.ReferencePipeline.forEachWithCancel(ReferencePipeline.java:126)
	at java.util.stream.AbstractPipeline.copyIntoWithCancel(AbstractPipeline.java:529)
	at java.util.stream.AbstractPipeline.copyInto(AbstractPipeline.java:516)
	at java.util.stream.AbstractPipeline.wrapAndCopyInto(AbstractPipeline.java:502)
	at java.util.stream.FindOps$FindOp.evaluateSequential(FindOps.java:152)
	at java.util.stream.AbstractPipeline.evaluate(AbstractPipeline.java:234)
	at java.util.stream.ReferencePipeline.findFirst(ReferencePipeline.java:464)
	at org.openqa.selenium.remote.ProtocolHandshake.createSession(ProtocolHandshake.java:362)
	at org.openqa.selenium.remote.server.ServicedSession$Factory.apply(ServicedSession.java:185)
	at org.openqa.selenium.remote.server.ActiveSessionFactory.lambda$createSession$16(ActiveSessionFactory.java:171)
	at org.openqa.selenium.remote.server.ActiveSessionFactory$$Lambda$113/18658462.apply(Unknown Source)
	at java.util.Optional.map(Optional.java:215)
	at org.openqa.selenium.remote.server.ActiveSessionFactory.createSession(ActiveSessionFactory.java:171)
	at org.openqa.selenium.remote.server.commandhandler.BeginSession.execute(BeginSession.java:72)
	at org.openqa.selenium.remote.server.WebDriverServlet.lambda$handle$0(WebDriverServlet.java:232)
	at org.openqa.selenium.remote.server.WebDriverServlet$$Lambda$58/25838979.run(Unknown Source)
	at java.util.concurrent.Executors$RunnableAdapter.call(Executors.java:511)
	at java.util.concurrent.FutureTask.run(FutureTask.java:266)
	at java.util.concurrent.ThreadPoolExecutor.runWorker(ThreadPoolExecutor.java:1142)
	at java.util.concurrent.ThreadPoolExecutor$Worker.run(ThreadPoolExecutor.java:617)
	at java.lang.Thread.run(Thread.java:744)
]]>
    </error>
  </testcase> <!-- login -->
</testsuite> <!-- grid.Leaftaps -->
